============================================================================================
Device set to : NVIDIA A100-PCIE-40GB
============================================================================================
{'Model_path': 'ppo_me2', 'Simulation': 'mass_easy', 'Testing/avg_test_reward': 5.336525413931232, 'Objective_Proportion': 0.06000000000000001}
============================================================================================
Device set to : NVIDIA A100-PCIE-40GB
============================================================================================
{'Model_path': 'ppo_me1', 'Simulation': 'mass_easy', 'Testing/avg_test_reward': 7.682089987418477, 'Objective_Proportion': 0.08000000000000002}
============================================================================================
Device set to : NVIDIA A100-PCIE-40GB
============================================================================================
{'Model_path': 'ppo_me3', 'Simulation': 'mass_easy', 'Testing/avg_test_reward': 0.4708601525299054, 'Objective_Proportion': 0.02}
============================================================================================
Device set to : NVIDIA A100-PCIE-40GB
============================================================================================
{'Model_path': 'ppo_me2', 'Simulation': 'mass_medium', 'Testing/avg_test_reward': -2.429572848340433, 'Objective_Proportion': 0.02}
============================================================================================
Device set to : NVIDIA A100-PCIE-40GB
============================================================================================
{'Model_path': 'ppo_me3', 'Simulation': 'mass_medium', 'Testing/avg_test_reward': 0.4478036166289375, 'Objective_Proportion': 0.04999999999999999}
============================================================================================
Device set to : NVIDIA A100-PCIE-40GB
============================================================================================
{'Model_path': 'ppo_me1', 'Simulation': 'mass_medium', 'Testing/avg_test_reward': 1.5290386816496948, 'Objective_Proportion': 0.06000000000000001}
============================================================================================
Device set to : NVIDIA A100-PCIE-40GB
============================================================================================
{'Model_path': 'ppo_me2', 'Simulation': 'mass_hard', 'Testing/avg_test_reward': 0.7755448804282121, 'Objective_Proportion': 0.06}
============================================================================================
Device set to : NVIDIA A100-PCIE-40GB
============================================================================================
{'Model_path': 'ppo_me3', 'Simulation': 'mass_hard', 'Testing/avg_test_reward': -2.0869811910513016, 'Objective_Proportion': 0.030000000000000016}
============================================================================================
Device set to : NVIDIA A100-PCIE-40GB
============================================================================================
{'Model_path': 'ppo_me1', 'Simulation': 'mass_hard', 'Testing/avg_test_reward': -2.3778242486418053, 'Objective_Proportion': 0.030000000000000006}
============================================================================================
Device set to : NVIDIA A100-PCIE-40GB
============================================================================================
{'Model_path': 'ppo_mm2', 'Simulation': 'mass_easy', 'Testing/avg_test_reward': 4.504808154592359, 'Objective_Proportion': 0.04}
============================================================================================
Device set to : NVIDIA A100-PCIE-40GB
============================================================================================
{'Model_path': 'ppo_mm3', 'Simulation': 'mass_easy', 'Testing/avg_test_reward': 1.018505911573025, 'Objective_Proportion': 0.02}
============================================================================================
Device set to : NVIDIA A100-PCIE-40GB
============================================================================================
{'Model_path': 'ppo_mm1', 'Simulation': 'mass_easy', 'Testing/avg_test_reward': 2.582561758554937, 'Objective_Proportion': 0.030000000000000006}
============================================================================================
Device set to : NVIDIA A100-PCIE-40GB
============================================================================================
{'Model_path': 'ppo_mm3', 'Simulation': 'mass_medium', 'Testing/avg_test_reward': 1.3732540362310555, 'Objective_Proportion': 0.049999999999999975}
============================================================================================
Device set to : NVIDIA A100-PCIE-40GB
============================================================================================
{'Model_path': 'ppo_mm2', 'Simulation': 'mass_medium', 'Testing/avg_test_reward': 2.254407233680105, 'Objective_Proportion': 0.05999999999999999}
============================================================================================
Device set to : NVIDIA A100-PCIE-40GB
============================================================================================
{'Model_path': 'ppo_mm1', 'Simulation': 'mass_medium', 'Testing/avg_test_reward': 1.3709837432024243, 'Objective_Proportion': 0.05}
============================================================================================
Device set to : NVIDIA A100-PCIE-40GB
============================================================================================
{'Model_path': 'ppo_mm3', 'Simulation': 'mass_hard', 'Testing/avg_test_reward': -5.063932022820977, 'Objective_Proportion': 0.010000000000000002}
============================================================================================
Device set to : NVIDIA A100-PCIE-40GB
============================================================================================
{'Model_path': 'ppo_mm2', 'Simulation': 'mass_hard', 'Testing/avg_test_reward': -2.547776925347577, 'Objective_Proportion': 0.03}
============================================================================================
Device set to : NVIDIA A100-PCIE-40GB
============================================================================================
{'Model_path': 'ppo_mm1', 'Simulation': 'mass_hard', 'Testing/avg_test_reward': -2.776089665984568, 'Objective_Proportion': 0.030000000000000006}
============================================================================================
Device set to : NVIDIA A100-PCIE-40GB
============================================================================================
{'Model_path': 'ppo_mh3', 'Simulation': 'mass_easy', 'Testing/avg_test_reward': 3.3637226190249265, 'Objective_Proportion': 0.040000000000000015}
============================================================================================
Device set to : NVIDIA A100-PCIE-40GB
============================================================================================
{'Model_path': 'ppo_mh1', 'Simulation': 'mass_easy', 'Testing/avg_test_reward': 1.9613566741318536, 'Objective_Proportion': 0.03}
============================================================================================
Device set to : NVIDIA A100-PCIE-40GB
============================================================================================
{'Model_path': 'ppo_mh2', 'Simulation': 'mass_easy', 'Testing/avg_test_reward': 0.34333805109115906, 'Objective_Proportion': 0.02}
============================================================================================
Device set to : NVIDIA A100-PCIE-40GB
============================================================================================
{'Model_path': 'ppo_mh2', 'Simulation': 'mass_medium', 'Testing/avg_test_reward': 2.9704327052303996, 'Objective_Proportion': 0.07000000000000002}
============================================================================================
Device set to : NVIDIA A100-PCIE-40GB
============================================================================================
{'Model_path': 'ppo_mh1', 'Simulation': 'mass_medium', 'Testing/avg_test_reward': 0.1530578939450572, 'Objective_Proportion': 0.040000000000000015}
============================================================================================
Device set to : NVIDIA A100-PCIE-40GB
============================================================================================
{'Model_path': 'ppo_mh3', 'Simulation': 'mass_medium', 'Testing/avg_test_reward': -0.8521157824325183, 'Objective_Proportion': 0.040000000000000015}
============================================================================================
Device set to : NVIDIA A100-PCIE-40GB
============================================================================================
{'Model_path': 'ppo_mh3', 'Simulation': 'mass_hard', 'Testing/avg_test_reward': -0.5340713733290541, 'Objective_Proportion': 0.04999999999999999}
============================================================================================
Device set to : NVIDIA A100-PCIE-40GB
============================================================================================
{'Model_path': 'ppo_mh1', 'Simulation': 'mass_hard', 'Testing/avg_test_reward': -2.4527173055450024, 'Objective_Proportion': 0.03}
============================================================================================
Device set to : NVIDIA A100-PCIE-40GB
============================================================================================
{'Model_path': 'ppo_mh2', 'Simulation': 'mass_hard', 'Testing/avg_test_reward': -0.11622781128751875, 'Objective_Proportion': 0.05}
